<?xml version="1.0" encoding="UTF-8"?>
<!-- Generated by org.testng.reporters.JUnitReportReporter -->
<testsuite skipped="0" hostname="WS0601575" name="wize.Test_Bugs" tests="1" failures="0" timestamp="14 Aug 2020 02:30:50 GMT" time="32.820" errors="0">
  <testcase name="TT_18963_TT_18964" time="32.820" classname="wize.Test_Bugs"/>
</testsuite> <!-- wize.Test_Bugs -->
