<?xml version="1.0" encoding="UTF-8"?>
<!-- Generated by org.testng.reporters.JUnitReportReporter -->
<testsuite skipped="0" hostname="DESKTOP-HQ0FFFG" name="wize.Test_Functional_Baseline" tests="1" failures="0" timestamp="2020-02-21T15:44:06 ICT" time="104.338" errors="0">
  <testcase name="TT_14151_TT_14149_TT_14152_TT_14153_TT14150" time="104.338" classname="wize.Test_Functional_Baseline"/>
</testsuite> <!-- wize.Test_Functional_Baseline -->
