<?xml version="1.0" encoding="UTF-8"?>
<!-- Generated by org.testng.reporters.JUnitReportReporter -->
<testsuite skipped="0" hostname="DESKTOP-HQ0FFFG" name="wize.Test_FunctionSet_GeneralSettings" tests="1" failures="0" timestamp="2020-03-30T13:54:34 ICT" time="89.480" errors="0">
  <testcase name="TT_14787" time="89.480" classname="wize.Test_FunctionSet_GeneralSettings"/>
</testsuite> <!-- wize.Test_FunctionSet_GeneralSettings -->
