<?xml version="1.0" encoding="UTF-8"?>
<!-- Generated by org.testng.reporters.JUnitReportReporter -->
<testsuite skipped="0" hostname="DESKTOP-HQ0FFFG" name="wize.Test_Functional_Assessment" tests="1" failures="0" timestamp="2020-03-30T09:27:58 ICT" time="44.000" errors="0">
  <testcase name="Delete_SkillTest" time="44.000" classname="wize.Test_Functional_Assessment"/>
</testsuite> <!-- wize.Test_Functional_Assessment -->
