<?xml version="1.0" encoding="UTF-8"?>
<!-- Generated by org.testng.reporters.JUnitReportReporter -->
<testsuite skipped="0" hostname="DESKTOP-HQ0FFFG" name="wize.Test_FunctionSet_RoleManagement" tests="1" failures="0" timestamp="2020-03-12T16:49:23 ICT" time="181.343" errors="0">
  <testcase name="TT_14812" time="181.343" classname="wize.Test_FunctionSet_RoleManagement"/>
</testsuite> <!-- wize.Test_FunctionSet_RoleManagement -->
