<?xml version="1.0" encoding="UTF-8"?>
<!-- Generated by org.testng.reporters.JUnitReportReporter -->
<testsuite skipped="0" hostname="DESKTOP-HQ0FFFG" name="wize.Test_Functional_JobList" tests="1" failures="0" timestamp="2020-03-27T14:28:33 ICT" time="71.906" errors="0">
  <testcase name="TT_12009" time="71.906" classname="wize.Test_Functional_JobList"/>
</testsuite> <!-- wize.Test_Functional_JobList -->
