<?xml version="1.0" encoding="UTF-8"?>
<!-- Generated by org.testng.reporters.JUnitReportReporter -->
<testsuite skipped="0" hostname="DESKTOP-HQ0FFFG" name="wize.Test_FunctionSet_Assessment" tests="1" failures="0" timestamp="2020-02-24T17:33:40 ICT" time="44.142" errors="0">
  <testcase name="TT_16450" time="44.142" classname="wize.Test_FunctionSet_Assessment"/>
</testsuite> <!-- wize.Test_FunctionSet_Assessment -->
