<?xml version="1.0" encoding="UTF-8"?>
<!-- Generated by org.testng.reporters.JUnitReportReporter -->
<testsuite skipped="0" hostname="DESKTOP-HQ0FFFG" name="wize.Test_FunctionSet_Organization" tests="1" failures="0" timestamp="2020-03-12T16:31:44 ICT" time="131.286" errors="0">
  <testcase name="TT_14671" time="131.286" classname="wize.Test_FunctionSet_Organization"/>
</testsuite> <!-- wize.Test_FunctionSet_Organization -->
